The target system is: Generic -  - 
The host system is: Linux - 4.4.0-22000-Microsoft - x86_64
Compiling the C compiler identification source file "CMakeCCompilerId.c" succeeded.
Compiler: /home/trent/esp/xtensa-lx106-elf/bin/xtensa-lx106-elf-gcc 
Build flags: -mlongcalls;-Wno-frame-address
Id flags:  

The output was:
0


Compilation of the C compiler identification source "CMakeCCompilerId.c" produced "a.out"

The C compiler identification is GNU, found in "/home/trent/trent-workspace/ECNG3006-LAB3/build/CMakeFiles/3.16.3/CompilerIdC/a.out"

Compiling the CXX compiler identification source file "CMakeCXXCompilerId.cpp" succeeded.
Compiler: /home/trent/esp/xtensa-lx106-elf/bin/xtensa-lx106-elf-g++ 
Build flags: -mlongcalls;-Wno-frame-address
Id flags:  

The output was:
0


Compilation of the CXX compiler identification source "CMakeCXXCompilerId.cpp" produced "a.out"

The CXX compiler identification is GNU, found in "/home/trent/trent-workspace/ECNG3006-LAB3/build/CMakeFiles/3.16.3/CompilerIdCXX/a.out"

Checking whether the ASM compiler is GNU using "--version" matched "(GNU assembler)|(GCC)|(Free Software Foundation)":
xtensa-lx106-elf-gcc (crosstool-NG esp-2020r3-49-gd5524c1) 8.4.0
Copyright (C) 2018 Free Software Foundation, Inc.
This is free software; see the source for copying conditions.  There is NO
warranty; not even for MERCHANTABILITY or FITNESS FOR A PARTICULAR PURPOSE.

Determining if the C compiler works passed with the following output:
Change Dir: /home/trent/trent-workspace/ECNG3006-LAB3/build/CMakeFiles/CMakeTmp

Run Build Command(s):/usr/bin/make cmTC_cdc82/fast && /usr/bin/make -f CMakeFiles/cmTC_cdc82.dir/build.make CMakeFiles/cmTC_cdc82.dir/build
make[1]: Entering directory '/home/trent/trent-workspace/ECNG3006-LAB3/build/CMakeFiles/CMakeTmp'
Building C object CMakeFiles/cmTC_cdc82.dir/testCCompiler.c.obj
/home/trent/esp/xtensa-lx106-elf/bin/xtensa-lx106-elf-gcc   -mlongcalls -Wno-frame-address    -o CMakeFiles/cmTC_cdc82.dir/testCCompiler.c.obj   -c /home/trent/trent-workspace/ECNG3006-LAB3/build/CMakeFiles/CMakeTmp/testCCompiler.c
Linking C executable cmTC_cdc82
/usr/bin/cmake -E cmake_link_script CMakeFiles/cmTC_cdc82.dir/link.txt --verbose=1
/home/trent/esp/xtensa-lx106-elf/bin/xtensa-lx106-elf-gcc -mlongcalls -Wno-frame-address   -nostdlib -Wl,--gc-sections  CMakeFiles/cmTC_cdc82.dir/testCCompiler.c.obj  -o cmTC_cdc82 
/home/trent/esp/xtensa-lx106-elf/bin/../lib/gcc/xtensa-lx106-elf/8.4.0/../../../../xtensa-lx106-elf/bin/ld: warning: cannot find entry symbol _start; not setting start address
make[1]: Leaving directory '/home/trent/trent-workspace/ECNG3006-LAB3/build/CMakeFiles/CMakeTmp'



Detecting C compiler ABI info compiled with the following output:
Change Dir: /home/trent/trent-workspace/ECNG3006-LAB3/build/CMakeFiles/CMakeTmp

Run Build Command(s):/usr/bin/make cmTC_5712a/fast && /usr/bin/make -f CMakeFiles/cmTC_5712a.dir/build.make CMakeFiles/cmTC_5712a.dir/build
make[1]: Entering directory '/home/trent/trent-workspace/ECNG3006-LAB3/build/CMakeFiles/CMakeTmp'
Building C object CMakeFiles/cmTC_5712a.dir/CMakeCCompilerABI.c.obj
/home/trent/esp/xtensa-lx106-elf/bin/xtensa-lx106-elf-gcc   -mlongcalls -Wno-frame-address    -v -o CMakeFiles/cmTC_5712a.dir/CMakeCCompilerABI.c.obj   -c /usr/share/cmake-3.16/Modules/CMakeCCompilerABI.c
Using built-in specs.
COLLECT_GCC=/home/trent/esp/xtensa-lx106-elf/bin/xtensa-lx106-elf-gcc
Target: xtensa-lx106-elf
Configured with: /builds/idf/crosstool-NG/.build/xtensa-lx106-elf/src/gcc/configure --build=x86_64-build_pc-linux-gnu --host=x86_64-build_pc-linux-gnu --target=xtensa-lx106-elf --prefix=/builds/idf/crosstool-NG/builds/xtensa-lx106-elf --with-local-prefix=/builds/idf/crosstool-NG/builds/xtensa-lx106-elf/xtensa-lx106-elf --with-headers=/builds/idf/crosstool-NG/builds/xtensa-lx106-elf/xtensa-lx106-elf/include --with-newlib --enable-threads=no --disable-shared --with-pkgversion='crosstool-NG esp-2020r3-49-gd5524c1' --disable-__cxa_atexit --enable-cxx-flags=-ffunction-sections --disable-libgomp --disable-libmudflap --disable-libmpx --disable-libssp --disable-libquadmath --disable-libquadmath-support --with-gmp=/builds/idf/crosstool-NG/.build/xtensa-lx106-elf/buildtools --with-mpfr=/builds/idf/crosstool-NG/.build/xtensa-lx106-elf/buildtools --with-mpc=/builds/idf/crosstool-NG/.build/xtensa-lx106-elf/buildtools --with-isl=/builds/idf/crosstool-NG/.build/xtensa-lx106-elf/buildtools --enable-lto --enable-target-optspace --without-long-double-128 --disable-nls --enable-multiarch --enable-languages=c,c++ --disable-libstdcxx-verbose --enable-threads=posix --enable-libstdcxx-time=yes
Thread model: posix
gcc version 8.4.0 (crosstool-NG esp-2020r3-49-gd5524c1) 
COLLECT_GCC_OPTIONS='-mlongcalls' '-Wno-frame-address' '-v' '-o' 'CMakeFiles/cmTC_5712a.dir/CMakeCCompilerABI.c.obj' '-c'
 /home/trent/esp/xtensa-lx106-elf/bin/../libexec/gcc/xtensa-lx106-elf/8.4.0/cc1 -quiet -v -iprefix /home/trent/esp/xtensa-lx106-elf/bin/../lib/gcc/xtensa-lx106-elf/8.4.0/ /usr/share/cmake-3.16/Modules/CMakeCCompilerABI.c -quiet -dumpbase CMakeCCompilerABI.c -mlongcalls -auxbase-strip CMakeFiles/cmTC_5712a.dir/CMakeCCompilerABI.c.obj -Wno-frame-address -version -o /tmp/ccZ44HAj.s
GNU C17 (crosstool-NG esp-2020r3-49-gd5524c1) version 8.4.0 (xtensa-lx106-elf)
	compiled by GNU C version 4.9.2, GMP version 6.1.2, MPFR version 4.0.1, MPC version 1.1.0, isl version isl-0.19-GMP

GGC heuristics: --param ggc-min-expand=100 --param ggc-min-heapsize=131072
ignoring duplicate directory "/home/trent/esp/xtensa-lx106-elf/bin/../lib/gcc/../../lib/gcc/xtensa-lx106-elf/8.4.0/include"
ignoring duplicate directory "/home/trent/esp/xtensa-lx106-elf/bin/../lib/gcc/../../lib/gcc/xtensa-lx106-elf/8.4.0/include-fixed"
ignoring duplicate directory "/home/trent/esp/xtensa-lx106-elf/bin/../lib/gcc/../../lib/gcc/xtensa-lx106-elf/8.4.0/../../../../xtensa-lx106-elf/sys-include"
ignoring duplicate directory "/home/trent/esp/xtensa-lx106-elf/bin/../lib/gcc/../../lib/gcc/xtensa-lx106-elf/8.4.0/../../../../xtensa-lx106-elf/include"
#include "..." search starts here:
#include <...> search starts here:
 /home/trent/esp/xtensa-lx106-elf/bin/../lib/gcc/xtensa-lx106-elf/8.4.0/include
 /home/trent/esp/xtensa-lx106-elf/bin/../lib/gcc/xtensa-lx106-elf/8.4.0/include-fixed
 /home/trent/esp/xtensa-lx106-elf/bin/../lib/gcc/xtensa-lx106-elf/8.4.0/../../../../xtensa-lx106-elf/sys-include
 /home/trent/esp/xtensa-lx106-elf/bin/../lib/gcc/xtensa-lx106-elf/8.4.0/../../../../xtensa-lx106-elf/include
End of search list.
GNU C17 (crosstool-NG esp-2020r3-49-gd5524c1) version 8.4.0 (xtensa-lx106-elf)
	compiled by GNU C version 4.9.2, GMP version 6.1.2, MPFR version 4.0.1, MPC version 1.1.0, isl version isl-0.19-GMP

GGC heuristics: --param ggc-min-expand=100 --param ggc-min-heapsize=131072
Compiler executable checksum: 48e58fa3e6eb2de9fad439857fcdf42a
COLLECT_GCC_OPTIONS='-mlongcalls' '-Wno-frame-address' '-v' '-o' 'CMakeFiles/cmTC_5712a.dir/CMakeCCompilerABI.c.obj' '-c'
 /home/trent/esp/xtensa-lx106-elf/bin/../lib/gcc/xtensa-lx106-elf/8.4.0/../../../../xtensa-lx106-elf/bin/as --traditional-format --longcalls -o CMakeFiles/cmTC_5712a.dir/CMakeCCompilerABI.c.obj /tmp/ccZ44HAj.s
COMPILER_PATH=/home/trent/esp/xtensa-lx106-elf/bin/../libexec/gcc/xtensa-lx106-elf/8.4.0/:/home/trent/esp/xtensa-lx106-elf/bin/../libexec/gcc/:/home/trent/esp/xtensa-lx106-elf/bin/../lib/gcc/xtensa-lx106-elf/8.4.0/../../../../xtensa-lx106-elf/bin/
LIBRARY_PATH=/home/trent/esp/xtensa-lx106-elf/bin/../lib/gcc/xtensa-lx106-elf/8.4.0/:/home/trent/esp/xtensa-lx106-elf/bin/../lib/gcc/:/home/trent/esp/xtensa-lx106-elf/bin/../lib/gcc/xtensa-lx106-elf/8.4.0/../../../../xtensa-lx106-elf/lib/
COLLECT_GCC_OPTIONS='-mlongcalls' '-Wno-frame-address' '-v' '-o' 'CMakeFiles/cmTC_5712a.dir/CMakeCCompilerABI.c.obj' '-c'
Linking C executable cmTC_5712a
/usr/bin/cmake -E cmake_link_script CMakeFiles/cmTC_5712a.dir/link.txt --verbose=1
/home/trent/esp/xtensa-lx106-elf/bin/xtensa-lx106-elf-gcc -mlongcalls -Wno-frame-address   -nostdlib -Wl,--gc-sections -v CMakeFiles/cmTC_5712a.dir/CMakeCCompilerABI.c.obj  -o cmTC_5712a 
Using built-in specs.
COLLECT_GCC=/home/trent/esp/xtensa-lx106-elf/bin/xtensa-lx106-elf-gcc
COLLECT_LTO_WRAPPER=/home/trent/esp/xtensa-lx106-elf/bin/../libexec/gcc/xtensa-lx106-elf/8.4.0/lto-wrapper
Target: xtensa-lx106-elf
Configured with: /builds/idf/crosstool-NG/.build/xtensa-lx106-elf/src/gcc/configure --build=x86_64-build_pc-linux-gnu --host=x86_64-build_pc-linux-gnu --target=xtensa-lx106-elf --prefix=/builds/idf/crosstool-NG/builds/xtensa-lx106-elf --with-local-prefix=/builds/idf/crosstool-NG/builds/xtensa-lx106-elf/xtensa-lx106-elf --with-headers=/builds/idf/crosstool-NG/builds/xtensa-lx106-elf/xtensa-lx106-elf/include --with-newlib --enable-threads=no --disable-shared --with-pkgversion='crosstool-NG esp-2020r3-49-gd5524c1' --disable-__cxa_atexit --enable-cxx-flags=-ffunction-sections --disable-libgomp --disable-libmudflap --disable-libmpx --disable-libssp --disable-libquadmath --disable-libquadmath-support --with-gmp=/builds/idf/crosstool-NG/.build/xtensa-lx106-elf/buildtools --with-mpfr=/builds/idf/crosstool-NG/.build/xtensa-lx106-elf/buildtools --with-mpc=/builds/idf/crosstool-NG/.build/xtensa-lx106-elf/buildtools --with-isl=/builds/idf/crosstool-NG/.build/xtensa-lx106-elf/buildtools --enable-lto --enable-target-optspace --without-long-double-128 --disable-nls --enable-multiarch --enable-languages=c,c++ --disable-libstdcxx-verbose --enable-threads=posix --enable-libstdcxx-time=yes
Thread model: posix
gcc version 8.4.0 (crosstool-NG esp-2020r3-49-gd5524c1) 
COMPILER_PATH=/home/trent/esp/xtensa-lx106-elf/bin/../libexec/gcc/xtensa-lx106-elf/8.4.0/:/home/trent/esp/xtensa-lx106-elf/bin/../libexec/gcc/:/home/trent/esp/xtensa-lx106-elf/bin/../lib/gcc/xtensa-lx106-elf/8.4.0/../../../../xtensa-lx106-elf/bin/
LIBRARY_PATH=/home/trent/esp/xtensa-lx106-elf/bin/../lib/gcc/xtensa-lx106-elf/8.4.0/:/home/trent/esp/xtensa-lx106-elf/bin/../lib/gcc/:/home/trent/esp/xtensa-lx106-elf/bin/../lib/gcc/xtensa-lx106-elf/8.4.0/../../../../xtensa-lx106-elf/lib/
COLLECT_GCC_OPTIONS='-mlongcalls' '-Wno-frame-address' '-nostdlib' '-v' '-o' 'cmTC_5712a'
 /home/trent/esp/xtensa-lx106-elf/bin/../libexec/gcc/xtensa-lx106-elf/8.4.0/collect2 -plugin /home/trent/esp/xtensa-lx106-elf/bin/../libexec/gcc/xtensa-lx106-elf/8.4.0/liblto_plugin.so -plugin-opt=/home/trent/esp/xtensa-lx106-elf/bin/../libexec/gcc/xtensa-lx106-elf/8.4.0/lto-wrapper -plugin-opt=-fresolution=/tmp/ccDZ9GKL.res -o cmTC_5712a -L/home/trent/esp/xtensa-lx106-elf/bin/../lib/gcc/xtensa-lx106-elf/8.4.0 -L/home/trent/esp/xtensa-lx106-elf/bin/../lib/gcc -L/home/trent/esp/xtensa-lx106-elf/bin/../lib/gcc/xtensa-lx106-elf/8.4.0/../../../../xtensa-lx106-elf/lib --gc-sections CMakeFiles/cmTC_5712a.dir/CMakeCCompilerABI.c.obj
/home/trent/esp/xtensa-lx106-elf/bin/../lib/gcc/xtensa-lx106-elf/8.4.0/../../../../xtensa-lx106-elf/bin/ld: warning: cannot find entry symbol _start; not setting start address
COLLECT_GCC_OPTIONS='-mlongcalls' '-Wno-frame-address' '-nostdlib' '-v' '-o' 'cmTC_5712a'
make[1]: Leaving directory '/home/trent/trent-workspace/ECNG3006-LAB3/build/CMakeFiles/CMakeTmp'



Parsed C implicit include dir info from above output: rv=done
  found start of include info
  found start of implicit include info
    add: [/home/trent/esp/xtensa-lx106-elf/bin/../lib/gcc/xtensa-lx106-elf/8.4.0/include]
    add: [/home/trent/esp/xtensa-lx106-elf/bin/../lib/gcc/xtensa-lx106-elf/8.4.0/include-fixed]
    add: [/home/trent/esp/xtensa-lx106-elf/bin/../lib/gcc/xtensa-lx106-elf/8.4.0/../../../../xtensa-lx106-elf/sys-include]
    add: [/home/trent/esp/xtensa-lx106-elf/bin/../lib/gcc/xtensa-lx106-elf/8.4.0/../../../../xtensa-lx106-elf/include]
  end of search list found
  collapse include dir [/home/trent/esp/xtensa-lx106-elf/bin/../lib/gcc/xtensa-lx106-elf/8.4.0/include] ==> [/home/trent/esp/xtensa-lx106-elf/lib/gcc/xtensa-lx106-elf/8.4.0/include]
  collapse include dir [/home/trent/esp/xtensa-lx106-elf/bin/../lib/gcc/xtensa-lx106-elf/8.4.0/include-fixed] ==> [/home/trent/esp/xtensa-lx106-elf/lib/gcc/xtensa-lx106-elf/8.4.0/include-fixed]
  collapse include dir [/home/trent/esp/xtensa-lx106-elf/bin/../lib/gcc/xtensa-lx106-elf/8.4.0/../../../../xtensa-lx106-elf/sys-include] ==> [/home/trent/esp/xtensa-lx106-elf/xtensa-lx106-elf/sys-include]
  collapse include dir [/home/trent/esp/xtensa-lx106-elf/bin/../lib/gcc/xtensa-lx106-elf/8.4.0/../../../../xtensa-lx106-elf/include] ==> [/home/trent/esp/xtensa-lx106-elf/xtensa-lx106-elf/include]
  implicit include dirs: [/home/trent/esp/xtensa-lx106-elf/lib/gcc/xtensa-lx106-elf/8.4.0/include;/home/trent/esp/xtensa-lx106-elf/lib/gcc/xtensa-lx106-elf/8.4.0/include-fixed;/home/trent/esp/xtensa-lx106-elf/xtensa-lx106-elf/sys-include;/home/trent/esp/xtensa-lx106-elf/xtensa-lx106-elf/include]


Parsed C implicit link information from above output:
  link line regex: [^( *|.*[/\])(xtensa-lx106-elf-ld|CMAKE_LINK_STARTFILE-NOTFOUND|([^/\]+-)?ld|collect2)[^/\]*( |$)]
  ignore line: [Change Dir: /home/trent/trent-workspace/ECNG3006-LAB3/build/CMakeFiles/CMakeTmp]
  ignore line: []
  ignore line: [Run Build Command(s):/usr/bin/make cmTC_5712a/fast && /usr/bin/make -f CMakeFiles/cmTC_5712a.dir/build.make CMakeFiles/cmTC_5712a.dir/build]
  ignore line: [make[1]: Entering directory '/home/trent/trent-workspace/ECNG3006-LAB3/build/CMakeFiles/CMakeTmp']
  ignore line: [Building C object CMakeFiles/cmTC_5712a.dir/CMakeCCompilerABI.c.obj]
  ignore line: [/home/trent/esp/xtensa-lx106-elf/bin/xtensa-lx106-elf-gcc   -mlongcalls -Wno-frame-address    -v -o CMakeFiles/cmTC_5712a.dir/CMakeCCompilerABI.c.obj   -c /usr/share/cmake-3.16/Modules/CMakeCCompilerABI.c]
  ignore line: [Using built-in specs.]
  ignore line: [COLLECT_GCC=/home/trent/esp/xtensa-lx106-elf/bin/xtensa-lx106-elf-gcc]
  ignore line: [Target: xtensa-lx106-elf]
  ignore line: [Configured with: /builds/idf/crosstool-NG/.build/xtensa-lx106-elf/src/gcc/configure --build=x86_64-build_pc-linux-gnu --host=x86_64-build_pc-linux-gnu --target=xtensa-lx106-elf --prefix=/builds/idf/crosstool-NG/builds/xtensa-lx106-elf --with-local-prefix=/builds/idf/crosstool-NG/builds/xtensa-lx106-elf/xtensa-lx106-elf --with-headers=/builds/idf/crosstool-NG/builds/xtensa-lx106-elf/xtensa-lx106-elf/include --with-newlib --enable-threads=no --disable-shared --with-pkgversion='crosstool-NG esp-2020r3-49-gd5524c1' --disable-__cxa_atexit --enable-cxx-flags=-ffunction-sections --disable-libgomp --disable-libmudflap --disable-libmpx --disable-libssp --disable-libquadmath --disable-libquadmath-support --with-gmp=/builds/idf/crosstool-NG/.build/xtensa-lx106-elf/buildtools --with-mpfr=/builds/idf/crosstool-NG/.build/xtensa-lx106-elf/buildtools --with-mpc=/builds/idf/crosstool-NG/.build/xtensa-lx106-elf/buildtools --with-isl=/builds/idf/crosstool-NG/.build/xtensa-lx106-elf/buildtools --enable-lto --enable-target-optspace --without-long-double-128 --disable-nls --enable-multiarch --enable-languages=c c++ --disable-libstdcxx-verbose --enable-threads=posix --enable-libstdcxx-time=yes]
  ignore line: [Thread model: posix]
  ignore line: [gcc version 8.4.0 (crosstool-NG esp-2020r3-49-gd5524c1) ]
  ignore line: [COLLECT_GCC_OPTIONS='-mlongcalls' '-Wno-frame-address' '-v' '-o' 'CMakeFiles/cmTC_5712a.dir/CMakeCCompilerABI.c.obj' '-c']
  ignore line: [ /home/trent/esp/xtensa-lx106-elf/bin/../libexec/gcc/xtensa-lx106-elf/8.4.0/cc1 -quiet -v -iprefix /home/trent/esp/xtensa-lx106-elf/bin/../lib/gcc/xtensa-lx106-elf/8.4.0/ /usr/share/cmake-3.16/Modules/CMakeCCompilerABI.c -quiet -dumpbase CMakeCCompilerABI.c -mlongcalls -auxbase-strip CMakeFiles/cmTC_5712a.dir/CMakeCCompilerABI.c.obj -Wno-frame-address -version -o /tmp/ccZ44HAj.s]
  ignore line: [GNU C17 (crosstool-NG esp-2020r3-49-gd5524c1) version 8.4.0 (xtensa-lx106-elf)]
  ignore line: [	compiled by GNU C version 4.9.2  GMP version 6.1.2  MPFR version 4.0.1  MPC version 1.1.0  isl version isl-0.19-GMP]
  ignore line: []
  ignore line: [GGC heuristics: --param ggc-min-expand=100 --param ggc-min-heapsize=131072]
  ignore line: [ignoring duplicate directory "/home/trent/esp/xtensa-lx106-elf/bin/../lib/gcc/../../lib/gcc/xtensa-lx106-elf/8.4.0/include"]
  ignore line: [ignoring duplicate directory "/home/trent/esp/xtensa-lx106-elf/bin/../lib/gcc/../../lib/gcc/xtensa-lx106-elf/8.4.0/include-fixed"]
  ignore line: [ignoring duplicate directory "/home/trent/esp/xtensa-lx106-elf/bin/../lib/gcc/../../lib/gcc/xtensa-lx106-elf/8.4.0/../../../../xtensa-lx106-elf/sys-include"]
  ignore line: [ignoring duplicate directory "/home/trent/esp/xtensa-lx106-elf/bin/../lib/gcc/../../lib/gcc/xtensa-lx106-elf/8.4.0/../../../../xtensa-lx106-elf/include"]
  ignore line: [#include "..." search starts here:]
  ignore line: [#include <...> search starts here:]
  ignore line: [ /home/trent/esp/xtensa-lx106-elf/bin/../lib/gcc/xtensa-lx106-elf/8.4.0/include]
  ignore line: [ /home/trent/esp/xtensa-lx106-elf/bin/../lib/gcc/xtensa-lx106-elf/8.4.0/include-fixed]
  ignore line: [ /home/trent/esp/xtensa-lx106-elf/bin/../lib/gcc/xtensa-lx106-elf/8.4.0/../../../../xtensa-lx106-elf/sys-include]
  ignore line: [ /home/trent/esp/xtensa-lx106-elf/bin/../lib/gcc/xtensa-lx106-elf/8.4.0/../../../../xtensa-lx106-elf/include]
  ignore line: [End of search list.]
  ignore line: [GNU C17 (crosstool-NG esp-2020r3-49-gd5524c1) version 8.4.0 (xtensa-lx106-elf)]
  ignore line: [	compiled by GNU C version 4.9.2  GMP version 6.1.2  MPFR version 4.0.1  MPC version 1.1.0  isl version isl-0.19-GMP]
  ignore line: []
  ignore line: [GGC heuristics: --param ggc-min-expand=100 --param ggc-min-heapsize=131072]
  ignore line: [Compiler executable checksum: 48e58fa3e6eb2de9fad439857fcdf42a]
  ignore line: [COLLECT_GCC_OPTIONS='-mlongcalls' '-Wno-frame-address' '-v' '-o' 'CMakeFiles/cmTC_5712a.dir/CMakeCCompilerABI.c.obj' '-c']
  ignore line: [ /home/trent/esp/xtensa-lx106-elf/bin/../lib/gcc/xtensa-lx106-elf/8.4.0/../../../../xtensa-lx106-elf/bin/as --traditional-format --longcalls -o CMakeFiles/cmTC_5712a.dir/CMakeCCompilerABI.c.obj /tmp/ccZ44HAj.s]
  ignore line: [COMPILER_PATH=/home/trent/esp/xtensa-lx106-elf/bin/../libexec/gcc/xtensa-lx106-elf/8.4.0/:/home/trent/esp/xtensa-lx106-elf/bin/../libexec/gcc/:/home/trent/esp/xtensa-lx106-elf/bin/../lib/gcc/xtensa-lx106-elf/8.4.0/../../../../xtensa-lx106-elf/bin/]
  ignore line: [LIBRARY_PATH=/home/trent/esp/xtensa-lx106-elf/bin/../lib/gcc/xtensa-lx106-elf/8.4.0/:/home/trent/esp/xtensa-lx106-elf/bin/../lib/gcc/:/home/trent/esp/xtensa-lx106-elf/bin/../lib/gcc/xtensa-lx106-elf/8.4.0/../../../../xtensa-lx106-elf/lib/]
  ignore line: [COLLECT_GCC_OPTIONS='-mlongcalls' '-Wno-frame-address' '-v' '-o' 'CMakeFiles/cmTC_5712a.dir/CMakeCCompilerABI.c.obj' '-c']
  ignore line: [Linking C executable cmTC_5712a]
  ignore line: [/usr/bin/cmake -E cmake_link_script CMakeFiles/cmTC_5712a.dir/link.txt --verbose=1]
  ignore line: [/home/trent/esp/xtensa-lx106-elf/bin/xtensa-lx106-elf-gcc -mlongcalls -Wno-frame-address   -nostdlib -Wl --gc-sections -v CMakeFiles/cmTC_5712a.dir/CMakeCCompilerABI.c.obj  -o cmTC_5712a ]
  ignore line: [Using built-in specs.]
  ignore line: [COLLECT_GCC=/home/trent/esp/xtensa-lx106-elf/bin/xtensa-lx106-elf-gcc]
  ignore line: [COLLECT_LTO_WRAPPER=/home/trent/esp/xtensa-lx106-elf/bin/../libexec/gcc/xtensa-lx106-elf/8.4.0/lto-wrapper]
  ignore line: [Target: xtensa-lx106-elf]
  ignore line: [Configured with: /builds/idf/crosstool-NG/.build/xtensa-lx106-elf/src/gcc/configure --build=x86_64-build_pc-linux-gnu --host=x86_64-build_pc-linux-gnu --target=xtensa-lx106-elf --prefix=/builds/idf/crosstool-NG/builds/xtensa-lx106-elf --with-local-prefix=/builds/idf/crosstool-NG/builds/xtensa-lx106-elf/xtensa-lx106-elf --with-headers=/builds/idf/crosstool-NG/builds/xtensa-lx106-elf/xtensa-lx106-elf/include --with-newlib --enable-threads=no --disable-shared --with-pkgversion='crosstool-NG esp-2020r3-49-gd5524c1' --disable-__cxa_atexit --enable-cxx-flags=-ffunction-sections --disable-libgomp --disable-libmudflap --disable-libmpx --disable-libssp --disable-libquadmath --disable-libquadmath-support --with-gmp=/builds/idf/crosstool-NG/.build/xtensa-lx106-elf/buildtools --with-mpfr=/builds/idf/crosstool-NG/.build/xtensa-lx106-elf/buildtools --with-mpc=/builds/idf/crosstool-NG/.build/xtensa-lx106-elf/buildtools --with-isl=/builds/idf/crosstool-NG/.build/xtensa-lx106-elf/buildtools --enable-lto --enable-target-optspace --without-long-double-128 --disable-nls --enable-multiarch --enable-languages=c c++ --disable-libstdcxx-verbose --enable-threads=posix --enable-libstdcxx-time=yes]
  ignore line: [Thread model: posix]
  ignore line: [gcc version 8.4.0 (crosstool-NG esp-2020r3-49-gd5524c1) ]
  ignore line: [COMPILER_PATH=/home/trent/esp/xtensa-lx106-elf/bin/../libexec/gcc/xtensa-lx106-elf/8.4.0/:/home/trent/esp/xtensa-lx106-elf/bin/../libexec/gcc/:/home/trent/esp/xtensa-lx106-elf/bin/../lib/gcc/xtensa-lx106-elf/8.4.0/../../../../xtensa-lx106-elf/bin/]
  ignore line: [LIBRARY_PATH=/home/trent/esp/xtensa-lx106-elf/bin/../lib/gcc/xtensa-lx106-elf/8.4.0/:/home/trent/esp/xtensa-lx106-elf/bin/../lib/gcc/:/home/trent/esp/xtensa-lx106-elf/bin/../lib/gcc/xtensa-lx106-elf/8.4.0/../../../../xtensa-lx106-elf/lib/]
  ignore line: [COLLECT_GCC_OPTIONS='-mlongcalls' '-Wno-frame-address' '-nostdlib' '-v' '-o' 'cmTC_5712a']
  link line: [ /home/trent/esp/xtensa-lx106-elf/bin/../libexec/gcc/xtensa-lx106-elf/8.4.0/collect2 -plugin /home/trent/esp/xtensa-lx106-elf/bin/../libexec/gcc/xtensa-lx106-elf/8.4.0/liblto_plugin.so -plugin-opt=/home/trent/esp/xtensa-lx106-elf/bin/../libexec/gcc/xtensa-lx106-elf/8.4.0/lto-wrapper -plugin-opt=-fresolution=/tmp/ccDZ9GKL.res -o cmTC_5712a -L/home/trent/esp/xtensa-lx106-elf/bin/../lib/gcc/xtensa-lx106-elf/8.4.0 -L/home/trent/esp/xtensa-lx106-elf/bin/../lib/gcc -L/home/trent/esp/xtensa-lx106-elf/bin/../lib/gcc/xtensa-lx106-elf/8.4.0/../../../../xtensa-lx106-elf/lib --gc-sections CMakeFiles/cmTC_5712a.dir/CMakeCCompilerABI.c.obj]
    arg [/home/trent/esp/xtensa-lx106-elf/bin/../libexec/gcc/xtensa-lx106-elf/8.4.0/collect2] ==> ignore
    arg [-plugin] ==> ignore
    arg [/home/trent/esp/xtensa-lx106-elf/bin/../libexec/gcc/xtensa-lx106-elf/8.4.0/liblto_plugin.so] ==> ignore
    arg [-plugin-opt=/home/trent/esp/xtensa-lx106-elf/bin/../libexec/gcc/xtensa-lx106-elf/8.4.0/lto-wrapper] ==> ignore
    arg [-plugin-opt=-fresolution=/tmp/ccDZ9GKL.res] ==> ignore
    arg [-o] ==> ignore
    arg [cmTC_5712a] ==> ignore
    arg [-L/home/trent/esp/xtensa-lx106-elf/bin/../lib/gcc/xtensa-lx106-elf/8.4.0] ==> dir [/home/trent/esp/xtensa-lx106-elf/bin/../lib/gcc/xtensa-lx106-elf/8.4.0]
    arg [-L/home/trent/esp/xtensa-lx106-elf/bin/../lib/gcc] ==> dir [/home/trent/esp/xtensa-lx106-elf/bin/../lib/gcc]
    arg [-L/home/trent/esp/xtensa-lx106-elf/bin/../lib/gcc/xtensa-lx106-elf/8.4.0/../../../../xtensa-lx106-elf/lib] ==> dir [/home/trent/esp/xtensa-lx106-elf/bin/../lib/gcc/xtensa-lx106-elf/8.4.0/../../../../xtensa-lx106-elf/lib]
    arg [--gc-sections] ==> ignore
    arg [CMakeFiles/cmTC_5712a.dir/CMakeCCompilerABI.c.obj] ==> ignore
  collapse library dir [/home/trent/esp/xtensa-lx106-elf/bin/../lib/gcc/xtensa-lx106-elf/8.4.0] ==> [/home/trent/esp/xtensa-lx106-elf/lib/gcc/xtensa-lx106-elf/8.4.0]
  collapse library dir [/home/trent/esp/xtensa-lx106-elf/bin/../lib/gcc] ==> [/home/trent/esp/xtensa-lx106-elf/lib/gcc]
  collapse library dir [/home/trent/esp/xtensa-lx106-elf/bin/../lib/gcc/xtensa-lx106-elf/8.4.0/../../../../xtensa-lx106-elf/lib] ==> [/home/trent/esp/xtensa-lx106-elf/xtensa-lx106-elf/lib]
  implicit libs: []
  implicit dirs: [/home/trent/esp/xtensa-lx106-elf/lib/gcc/xtensa-lx106-elf/8.4.0;/home/trent/esp/xtensa-lx106-elf/lib/gcc;/home/trent/esp/xtensa-lx106-elf/xtensa-lx106-elf/lib]
  implicit fwks: []


Determining if the CXX compiler works passed with the following output:
Change Dir: /home/trent/trent-workspace/ECNG3006-LAB3/build/CMakeFiles/CMakeTmp

Run Build Command(s):/usr/bin/make cmTC_800e1/fast && /usr/bin/make -f CMakeFiles/cmTC_800e1.dir/build.make CMakeFiles/cmTC_800e1.dir/build
make[1]: Entering directory '/home/trent/trent-workspace/ECNG3006-LAB3/build/CMakeFiles/CMakeTmp'
Building CXX object CMakeFiles/cmTC_800e1.dir/testCXXCompiler.cxx.obj
/home/trent/esp/xtensa-lx106-elf/bin/xtensa-lx106-elf-g++    -mlongcalls -Wno-frame-address    -o CMakeFiles/cmTC_800e1.dir/testCXXCompiler.cxx.obj -c /home/trent/trent-workspace/ECNG3006-LAB3/build/CMakeFiles/CMakeTmp/testCXXCompiler.cxx
Linking CXX executable cmTC_800e1
/usr/bin/cmake -E cmake_link_script CMakeFiles/cmTC_800e1.dir/link.txt --verbose=1
/home/trent/esp/xtensa-lx106-elf/bin/xtensa-lx106-elf-g++  -mlongcalls -Wno-frame-address   -nostdlib -Wl,--gc-sections  CMakeFiles/cmTC_800e1.dir/testCXXCompiler.cxx.obj  -o cmTC_800e1 
/home/trent/esp/xtensa-lx106-elf/bin/../lib/gcc/xtensa-lx106-elf/8.4.0/../../../../xtensa-lx106-elf/bin/ld: warning: cannot find entry symbol _start; not setting start address
make[1]: Leaving directory '/home/trent/trent-workspace/ECNG3006-LAB3/build/CMakeFiles/CMakeTmp'



Detecting CXX compiler ABI info compiled with the following output:
Change Dir: /home/trent/trent-workspace/ECNG3006-LAB3/build/CMakeFiles/CMakeTmp

Run Build Command(s):/usr/bin/make cmTC_43666/fast && /usr/bin/make -f CMakeFiles/cmTC_43666.dir/build.make CMakeFiles/cmTC_43666.dir/build
make[1]: Entering directory '/home/trent/trent-workspace/ECNG3006-LAB3/build/CMakeFiles/CMakeTmp'
Building CXX object CMakeFiles/cmTC_43666.dir/CMakeCXXCompilerABI.cpp.obj
/home/trent/esp/xtensa-lx106-elf/bin/xtensa-lx106-elf-g++    -mlongcalls -Wno-frame-address    -v -o CMakeFiles/cmTC_43666.dir/CMakeCXXCompilerABI.cpp.obj -c /usr/share/cmake-3.16/Modules/CMakeCXXCompilerABI.cpp
Using built-in specs.
COLLECT_GCC=/home/trent/esp/xtensa-lx106-elf/bin/xtensa-lx106-elf-g++
Target: xtensa-lx106-elf
Configured with: /builds/idf/crosstool-NG/.build/xtensa-lx106-elf/src/gcc/configure --build=x86_64-build_pc-linux-gnu --host=x86_64-build_pc-linux-gnu --target=xtensa-lx106-elf --prefix=/builds/idf/crosstool-NG/builds/xtensa-lx106-elf --with-local-prefix=/builds/idf/crosstool-NG/builds/xtensa-lx106-elf/xtensa-lx106-elf --with-headers=/builds/idf/crosstool-NG/builds/xtensa-lx106-elf/xtensa-lx106-elf/include --with-newlib --enable-threads=no --disable-shared --with-pkgversion='crosstool-NG esp-2020r3-49-gd5524c1' --disable-__cxa_atexit --enable-cxx-flags=-ffunction-sections --disable-libgomp --disable-libmudflap --disable-libmpx --disable-libssp --disable-libquadmath --disable-libquadmath-support --with-gmp=/builds/idf/crosstool-NG/.build/xtensa-lx106-elf/buildtools --with-mpfr=/builds/idf/crosstool-NG/.build/xtensa-lx106-elf/buildtools --with-mpc=/builds/idf/crosstool-NG/.build/xtensa-lx106-elf/buildtools --with-isl=/builds/idf/crosstool-NG/.build/xtensa-lx106-elf/buildtools --enable-lto --enable-target-optspace --without-long-double-128 --disable-nls --enable-multiarch --enable-languages=c,c++ --disable-libstdcxx-verbose --enable-threads=posix --enable-libstdcxx-time=yes
Thread model: posix
gcc version 8.4.0 (crosstool-NG esp-2020r3-49-gd5524c1) 
COLLECT_GCC_OPTIONS='-mlongcalls' '-Wno-frame-address' '-v' '-o' 'CMakeFiles/cmTC_43666.dir/CMakeCXXCompilerABI.cpp.obj' '-c'
 /home/trent/esp/xtensa-lx106-elf/bin/../libexec/gcc/xtensa-lx106-elf/8.4.0/cc1plus -quiet -v -iprefix /home/trent/esp/xtensa-lx106-elf/bin/../lib/gcc/xtensa-lx106-elf/8.4.0/ /usr/share/cmake-3.16/Modules/CMakeCXXCompilerABI.cpp -quiet -dumpbase CMakeCXXCompilerABI.cpp -mlongcalls -auxbase-strip CMakeFiles/cmTC_43666.dir/CMakeCXXCompilerABI.cpp.obj -Wno-frame-address -version -o /tmp/ccTdqlSk.s
GNU C++14 (crosstool-NG esp-2020r3-49-gd5524c1) version 8.4.0 (xtensa-lx106-elf)
	compiled by GNU C version 4.9.2, GMP version 6.1.2, MPFR version 4.0.1, MPC version 1.1.0, isl version isl-0.19-GMP

GGC heuristics: --param ggc-min-expand=100 --param ggc-min-heapsize=131072
ignoring duplicate directory "/home/trent/esp/xtensa-lx106-elf/bin/../lib/gcc/../../lib/gcc/xtensa-lx106-elf/8.4.0/../../../../xtensa-lx106-elf/include/c++/8.4.0"
ignoring duplicate directory "/home/trent/esp/xtensa-lx106-elf/bin/../lib/gcc/../../lib/gcc/xtensa-lx106-elf/8.4.0/../../../../xtensa-lx106-elf/include/c++/8.4.0/xtensa-lx106-elf"
ignoring duplicate directory "/home/trent/esp/xtensa-lx106-elf/bin/../lib/gcc/../../lib/gcc/xtensa-lx106-elf/8.4.0/../../../../xtensa-lx106-elf/include/c++/8.4.0/backward"
ignoring duplicate directory "/home/trent/esp/xtensa-lx106-elf/bin/../lib/gcc/../../lib/gcc/xtensa-lx106-elf/8.4.0/include"
ignoring duplicate directory "/home/trent/esp/xtensa-lx106-elf/bin/../lib/gcc/../../lib/gcc/xtensa-lx106-elf/8.4.0/include-fixed"
ignoring duplicate directory "/home/trent/esp/xtensa-lx106-elf/bin/../lib/gcc/../../lib/gcc/xtensa-lx106-elf/8.4.0/../../../../xtensa-lx106-elf/sys-include"
ignoring duplicate directory "/home/trent/esp/xtensa-lx106-elf/bin/../lib/gcc/../../lib/gcc/xtensa-lx106-elf/8.4.0/../../../../xtensa-lx106-elf/include"
#include "..." search starts here:
#include <...> search starts here:
 /home/trent/esp/xtensa-lx106-elf/bin/../lib/gcc/xtensa-lx106-elf/8.4.0/../../../../xtensa-lx106-elf/include/c++/8.4.0
 /home/trent/esp/xtensa-lx106-elf/bin/../lib/gcc/xtensa-lx106-elf/8.4.0/../../../../xtensa-lx106-elf/include/c++/8.4.0/xtensa-lx106-elf
 /home/trent/esp/xtensa-lx106-elf/bin/../lib/gcc/xtensa-lx106-elf/8.4.0/../../../../xtensa-lx106-elf/include/c++/8.4.0/backward
 /home/trent/esp/xtensa-lx106-elf/bin/../lib/gcc/xtensa-lx106-elf/8.4.0/include
 /home/trent/esp/xtensa-lx106-elf/bin/../lib/gcc/xtensa-lx106-elf/8.4.0/include-fixed
 /home/trent/esp/xtensa-lx106-elf/bin/../lib/gcc/xtensa-lx106-elf/8.4.0/../../../../xtensa-lx106-elf/sys-include
 /home/trent/esp/xtensa-lx106-elf/bin/../lib/gcc/xtensa-lx106-elf/8.4.0/../../../../xtensa-lx106-elf/include
End of search list.
GNU C++14 (crosstool-NG esp-2020r3-49-gd5524c1) version 8.4.0 (xtensa-lx106-elf)
	compiled by GNU C version 4.9.2, GMP version 6.1.2, MPFR version 4.0.1, MPC version 1.1.0, isl version isl-0.19-GMP

GGC heuristics: --param ggc-min-expand=100 --param ggc-min-heapsize=131072
Compiler executable checksum: 6a42b2f4729ac0ea49ccdcd6bf20e2e4
COLLECT_GCC_OPTIONS='-mlongcalls' '-Wno-frame-address' '-v' '-o' 'CMakeFiles/cmTC_43666.dir/CMakeCXXCompilerABI.cpp.obj' '-c'
 /home/trent/esp/xtensa-lx106-elf/bin/../lib/gcc/xtensa-lx106-elf/8.4.0/../../../../xtensa-lx106-elf/bin/as --traditional-format --longcalls -o CMakeFiles/cmTC_43666.dir/CMakeCXXCompilerABI.cpp.obj /tmp/ccTdqlSk.s
COMPILER_PATH=/home/trent/esp/xtensa-lx106-elf/bin/../libexec/gcc/xtensa-lx106-elf/8.4.0/:/home/trent/esp/xtensa-lx106-elf/bin/../libexec/gcc/:/home/trent/esp/xtensa-lx106-elf/bin/../lib/gcc/xtensa-lx106-elf/8.4.0/../../../../xtensa-lx106-elf/bin/
LIBRARY_PATH=/home/trent/esp/xtensa-lx106-elf/bin/../lib/gcc/xtensa-lx106-elf/8.4.0/:/home/trent/esp/xtensa-lx106-elf/bin/../lib/gcc/:/home/trent/esp/xtensa-lx106-elf/bin/../lib/gcc/xtensa-lx106-elf/8.4.0/../../../../xtensa-lx106-elf/lib/
COLLECT_GCC_OPTIONS='-mlongcalls' '-Wno-frame-address' '-v' '-o' 'CMakeFiles/cmTC_43666.dir/CMakeCXXCompilerABI.cpp.obj' '-c'
Linking CXX executable cmTC_43666
/usr/bin/cmake -E cmake_link_script CMakeFiles/cmTC_43666.dir/link.txt --verbose=1
/home/trent/esp/xtensa-lx106-elf/bin/xtensa-lx106-elf-g++  -mlongcalls -Wno-frame-address   -nostdlib -Wl,--gc-sections -v CMakeFiles/cmTC_43666.dir/CMakeCXXCompilerABI.cpp.obj  -o cmTC_43666 
Using built-in specs.
COLLECT_GCC=/home/trent/esp/xtensa-lx106-elf/bin/xtensa-lx106-elf-g++
COLLECT_LTO_WRAPPER=/home/trent/esp/xtensa-lx106-elf/bin/../libexec/gcc/xtensa-lx106-elf/8.4.0/lto-wrapper
Target: xtensa-lx106-elf
Configured with: /builds/idf/crosstool-NG/.build/xtensa-lx106-elf/src/gcc/configure --build=x86_64-build_pc-linux-gnu --host=x86_64-build_pc-linux-gnu --target=xtensa-lx106-elf --prefix=/builds/idf/crosstool-NG/builds/xtensa-lx106-elf --with-local-prefix=/builds/idf/crosstool-NG/builds/xtensa-lx106-elf/xtensa-lx106-elf --with-headers=/builds/idf/crosstool-NG/builds/xtensa-lx106-elf/xtensa-lx106-elf/include --with-newlib --enable-threads=no --disable-shared --with-pkgversion='crosstool-NG esp-2020r3-49-gd5524c1' --disable-__cxa_atexit --enable-cxx-flags=-ffunction-sections --disable-libgomp --disable-libmudflap --disable-libmpx --disable-libssp --disable-libquadmath --disable-libquadmath-support --with-gmp=/builds/idf/crosstool-NG/.build/xtensa-lx106-elf/buildtools --with-mpfr=/builds/idf/crosstool-NG/.build/xtensa-lx106-elf/buildtools --with-mpc=/builds/idf/crosstool-NG/.build/xtensa-lx106-elf/buildtools --with-isl=/builds/idf/crosstool-NG/.build/xtensa-lx106-elf/buildtools --enable-lto --enable-target-optspace --without-long-double-128 --disable-nls --enable-multiarch --enable-languages=c,c++ --disable-libstdcxx-verbose --enable-threads=posix --enable-libstdcxx-time=yes
Thread model: posix
gcc version 8.4.0 (crosstool-NG esp-2020r3-49-gd5524c1) 
COMPILER_PATH=/home/trent/esp/xtensa-lx106-elf/bin/../libexec/gcc/xtensa-lx106-elf/8.4.0/:/home/trent/esp/xtensa-lx106-elf/bin/../libexec/gcc/:/home/trent/esp/xtensa-lx106-elf/bin/../lib/gcc/xtensa-lx106-elf/8.4.0/../../../../xtensa-lx106-elf/bin/
LIBRARY_PATH=/home/trent/esp/xtensa-lx106-elf/bin/../lib/gcc/xtensa-lx106-elf/8.4.0/:/home/trent/esp/xtensa-lx106-elf/bin/../lib/gcc/:/home/trent/esp/xtensa-lx106-elf/bin/../lib/gcc/xtensa-lx106-elf/8.4.0/../../../../xtensa-lx106-elf/lib/
COLLECT_GCC_OPTIONS='-mlongcalls' '-Wno-frame-address' '-nostdlib' '-v' '-o' 'cmTC_43666'
 /home/trent/esp/xtensa-lx106-elf/bin/../libexec/gcc/xtensa-lx106-elf/8.4.0/collect2 -plugin /home/trent/esp/xtensa-lx106-elf/bin/../libexec/gcc/xtensa-lx106-elf/8.4.0/liblto_plugin.so -plugin-opt=/home/trent/esp/xtensa-lx106-elf/bin/../libexec/gcc/xtensa-lx106-elf/8.4.0/lto-wrapper -plugin-opt=-fresolution=/tmp/ccbABuHT.res -o cmTC_43666 -L/home/trent/esp/xtensa-lx106-elf/bin/../lib/gcc/xtensa-lx106-elf/8.4.0 -L/home/trent/esp/xtensa-lx106-elf/bin/../lib/gcc -L/home/trent/esp/xtensa-lx106-elf/bin/../lib/gcc/xtensa-lx106-elf/8.4.0/../../../../xtensa-lx106-elf/lib --gc-sections CMakeFiles/cmTC_43666.dir/CMakeCXXCompilerABI.cpp.obj
/home/trent/esp/xtensa-lx106-elf/bin/../lib/gcc/xtensa-lx106-elf/8.4.0/../../../../xtensa-lx106-elf/bin/ld: warning: cannot find entry symbol _start; not setting start address
COLLECT_GCC_OPTIONS='-mlongcalls' '-Wno-frame-address' '-nostdlib' '-v' '-o' 'cmTC_43666'
make[1]: Leaving directory '/home/trent/trent-workspace/ECNG3006-LAB3/build/CMakeFiles/CMakeTmp'



Parsed CXX implicit include dir info from above output: rv=done
  found start of include info
  found start of implicit include info
    add: [/home/trent/esp/xtensa-lx106-elf/bin/../lib/gcc/xtensa-lx106-elf/8.4.0/../../../../xtensa-lx106-elf/include/c++/8.4.0]
    add: [/home/trent/esp/xtensa-lx106-elf/bin/../lib/gcc/xtensa-lx106-elf/8.4.0/../../../../xtensa-lx106-elf/include/c++/8.4.0/xtensa-lx106-elf]
    add: [/home/trent/esp/xtensa-lx106-elf/bin/../lib/gcc/xtensa-lx106-elf/8.4.0/../../../../xtensa-lx106-elf/include/c++/8.4.0/backward]
    add: [/home/trent/esp/xtensa-lx106-elf/bin/../lib/gcc/xtensa-lx106-elf/8.4.0/include]
    add: [/home/trent/esp/xtensa-lx106-elf/bin/../lib/gcc/xtensa-lx106-elf/8.4.0/include-fixed]
    add: [/home/trent/esp/xtensa-lx106-elf/bin/../lib/gcc/xtensa-lx106-elf/8.4.0/../../../../xtensa-lx106-elf/sys-include]
    add: [/home/trent/esp/xtensa-lx106-elf/bin/../lib/gcc/xtensa-lx106-elf/8.4.0/../../../../xtensa-lx106-elf/include]
  end of search list found
  collapse include dir [/home/trent/esp/xtensa-lx106-elf/bin/../lib/gcc/xtensa-lx106-elf/8.4.0/../../../../xtensa-lx106-elf/include/c++/8.4.0] ==> [/home/trent/esp/xtensa-lx106-elf/xtensa-lx106-elf/include/c++/8.4.0]
  collapse include dir [/home/trent/esp/xtensa-lx106-elf/bin/../lib/gcc/xtensa-lx106-elf/8.4.0/../../../../xtensa-lx106-elf/include/c++/8.4.0/xtensa-lx106-elf] ==> [/home/trent/esp/xtensa-lx106-elf/xtensa-lx106-elf/include/c++/8.4.0/xtensa-lx106-elf]
  collapse include dir [/home/trent/esp/xtensa-lx106-elf/bin/../lib/gcc/xtensa-lx106-elf/8.4.0/../../../../xtensa-lx106-elf/include/c++/8.4.0/backward] ==> [/home/trent/esp/xtensa-lx106-elf/xtensa-lx106-elf/include/c++/8.4.0/backward]
  collapse include dir [/home/trent/esp/xtensa-lx106-elf/bin/../lib/gcc/xtensa-lx106-elf/8.4.0/include] ==> [/home/trent/esp/xtensa-lx106-elf/lib/gcc/xtensa-lx106-elf/8.4.0/include]
  collapse include dir [/home/trent/esp/xtensa-lx106-elf/bin/../lib/gcc/xtensa-lx106-elf/8.4.0/include-fixed] ==> [/home/trent/esp/xtensa-lx106-elf/lib/gcc/xtensa-lx106-elf/8.4.0/include-fixed]
  collapse include dir [/home/trent/esp/xtensa-lx106-elf/bin/../lib/gcc/xtensa-lx106-elf/8.4.0/../../../../xtensa-lx106-elf/sys-include] ==> [/home/trent/esp/xtensa-lx106-elf/xtensa-lx106-elf/sys-include]
  collapse include dir [/home/trent/esp/xtensa-lx106-elf/bin/../lib/gcc/xtensa-lx106-elf/8.4.0/../../../../xtensa-lx106-elf/include] ==> [/home/trent/esp/xtensa-lx106-elf/xtensa-lx106-elf/include]
  implicit include dirs: [/home/trent/esp/xtensa-lx106-elf/xtensa-lx106-elf/include/c++/8.4.0;/home/trent/esp/xtensa-lx106-elf/xtensa-lx106-elf/include/c++/8.4.0/xtensa-lx106-elf;/home/trent/esp/xtensa-lx106-elf/xtensa-lx106-elf/include/c++/8.4.0/backward;/home/trent/esp/xtensa-lx106-elf/lib/gcc/xtensa-lx106-elf/8.4.0/include;/home/trent/esp/xtensa-lx106-elf/lib/gcc/xtensa-lx106-elf/8.4.0/include-fixed;/home/trent/esp/xtensa-lx106-elf/xtensa-lx106-elf/sys-include;/home/trent/esp/xtensa-lx106-elf/xtensa-lx106-elf/include]


Parsed CXX implicit link information from above output:
  link line regex: [^( *|.*[/\])(xtensa-lx106-elf-ld|CMAKE_LINK_STARTFILE-NOTFOUND|([^/\]+-)?ld|collect2)[^/\]*( |$)]
  ignore line: [Change Dir: /home/trent/trent-workspace/ECNG3006-LAB3/build/CMakeFiles/CMakeTmp]
  ignore line: []
  ignore line: [Run Build Command(s):/usr/bin/make cmTC_43666/fast && /usr/bin/make -f CMakeFiles/cmTC_43666.dir/build.make CMakeFiles/cmTC_43666.dir/build]
  ignore line: [make[1]: Entering directory '/home/trent/trent-workspace/ECNG3006-LAB3/build/CMakeFiles/CMakeTmp']
  ignore line: [Building CXX object CMakeFiles/cmTC_43666.dir/CMakeCXXCompilerABI.cpp.obj]
  ignore line: [/home/trent/esp/xtensa-lx106-elf/bin/xtensa-lx106-elf-g++    -mlongcalls -Wno-frame-address    -v -o CMakeFiles/cmTC_43666.dir/CMakeCXXCompilerABI.cpp.obj -c /usr/share/cmake-3.16/Modules/CMakeCXXCompilerABI.cpp]
  ignore line: [Using built-in specs.]
  ignore line: [COLLECT_GCC=/home/trent/esp/xtensa-lx106-elf/bin/xtensa-lx106-elf-g++]
  ignore line: [Target: xtensa-lx106-elf]
  ignore line: [Configured with: /builds/idf/crosstool-NG/.build/xtensa-lx106-elf/src/gcc/configure --build=x86_64-build_pc-linux-gnu --host=x86_64-build_pc-linux-gnu --target=xtensa-lx106-elf --prefix=/builds/idf/crosstool-NG/builds/xtensa-lx106-elf --with-local-prefix=/builds/idf/crosstool-NG/builds/xtensa-lx106-elf/xtensa-lx106-elf --with-headers=/builds/idf/crosstool-NG/builds/xtensa-lx106-elf/xtensa-lx106-elf/include --with-newlib --enable-threads=no --disable-shared --with-pkgversion='crosstool-NG esp-2020r3-49-gd5524c1' --disable-__cxa_atexit --enable-cxx-flags=-ffunction-sections --disable-libgomp --disable-libmudflap --disable-libmpx --disable-libssp --disable-libquadmath --disable-libquadmath-support --with-gmp=/builds/idf/crosstool-NG/.build/xtensa-lx106-elf/buildtools --with-mpfr=/builds/idf/crosstool-NG/.build/xtensa-lx106-elf/buildtools --with-mpc=/builds/idf/crosstool-NG/.build/xtensa-lx106-elf/buildtools --with-isl=/builds/idf/crosstool-NG/.build/xtensa-lx106-elf/buildtools --enable-lto --enable-target-optspace --without-long-double-128 --disable-nls --enable-multiarch --enable-languages=c c++ --disable-libstdcxx-verbose --enable-threads=posix --enable-libstdcxx-time=yes]
  ignore line: [Thread model: posix]
  ignore line: [gcc version 8.4.0 (crosstool-NG esp-2020r3-49-gd5524c1) ]
  ignore line: [COLLECT_GCC_OPTIONS='-mlongcalls' '-Wno-frame-address' '-v' '-o' 'CMakeFiles/cmTC_43666.dir/CMakeCXXCompilerABI.cpp.obj' '-c']
  ignore line: [ /home/trent/esp/xtensa-lx106-elf/bin/../libexec/gcc/xtensa-lx106-elf/8.4.0/cc1plus -quiet -v -iprefix /home/trent/esp/xtensa-lx106-elf/bin/../lib/gcc/xtensa-lx106-elf/8.4.0/ /usr/share/cmake-3.16/Modules/CMakeCXXCompilerABI.cpp -quiet -dumpbase CMakeCXXCompilerABI.cpp -mlongcalls -auxbase-strip CMakeFiles/cmTC_43666.dir/CMakeCXXCompilerABI.cpp.obj -Wno-frame-address -version -o /tmp/ccTdqlSk.s]
  ignore line: [GNU C++14 (crosstool-NG esp-2020r3-49-gd5524c1) version 8.4.0 (xtensa-lx106-elf)]
  ignore line: [	compiled by GNU C version 4.9.2  GMP version 6.1.2  MPFR version 4.0.1  MPC version 1.1.0  isl version isl-0.19-GMP]
  ignore line: []
  ignore line: [GGC heuristics: --param ggc-min-expand=100 --param ggc-min-heapsize=131072]
  ignore line: [ignoring duplicate directory "/home/trent/esp/xtensa-lx106-elf/bin/../lib/gcc/../../lib/gcc/xtensa-lx106-elf/8.4.0/../../../../xtensa-lx106-elf/include/c++/8.4.0"]
  ignore line: [ignoring duplicate directory "/home/trent/esp/xtensa-lx106-elf/bin/../lib/gcc/../../lib/gcc/xtensa-lx106-elf/8.4.0/../../../../xtensa-lx106-elf/include/c++/8.4.0/xtensa-lx106-elf"]
  ignore line: [ignoring duplicate directory "/home/trent/esp/xtensa-lx106-elf/bin/../lib/gcc/../../lib/gcc/xtensa-lx106-elf/8.4.0/../../../../xtensa-lx106-elf/include/c++/8.4.0/backward"]
  ignore line: [ignoring duplicate directory "/home/trent/esp/xtensa-lx106-elf/bin/../lib/gcc/../../lib/gcc/xtensa-lx106-elf/8.4.0/include"]
  ignore line: [ignoring duplicate directory "/home/trent/esp/xtensa-lx106-elf/bin/../lib/gcc/../../lib/gcc/xtensa-lx106-elf/8.4.0/include-fixed"]
  ignore line: [ignoring duplicate directory "/home/trent/esp/xtensa-lx106-elf/bin/../lib/gcc/../../lib/gcc/xtensa-lx106-elf/8.4.0/../../../../xtensa-lx106-elf/sys-include"]
  ignore line: [ignoring duplicate directory "/home/trent/esp/xtensa-lx106-elf/bin/../lib/gcc/../../lib/gcc/xtensa-lx106-elf/8.4.0/../../../../xtensa-lx106-elf/include"]
  ignore line: [#include "..." search starts here:]
  ignore line: [#include <...> search starts here:]
  ignore line: [ /home/trent/esp/xtensa-lx106-elf/bin/../lib/gcc/xtensa-lx106-elf/8.4.0/../../../../xtensa-lx106-elf/include/c++/8.4.0]
  ignore line: [ /home/trent/esp/xtensa-lx106-elf/bin/../lib/gcc/xtensa-lx106-elf/8.4.0/../../../../xtensa-lx106-elf/include/c++/8.4.0/xtensa-lx106-elf]
  ignore line: [ /home/trent/esp/xtensa-lx106-elf/bin/../lib/gcc/xtensa-lx106-elf/8.4.0/../../../../xtensa-lx106-elf/include/c++/8.4.0/backward]
  ignore line: [ /home/trent/esp/xtensa-lx106-elf/bin/../lib/gcc/xtensa-lx106-elf/8.4.0/include]
  ignore line: [ /home/trent/esp/xtensa-lx106-elf/bin/../lib/gcc/xtensa-lx106-elf/8.4.0/include-fixed]
  ignore line: [ /home/trent/esp/xtensa-lx106-elf/bin/../lib/gcc/xtensa-lx106-elf/8.4.0/../../../../xtensa-lx106-elf/sys-include]
  ignore line: [ /home/trent/esp/xtensa-lx106-elf/bin/../lib/gcc/xtensa-lx106-elf/8.4.0/../../../../xtensa-lx106-elf/include]
  ignore line: [End of search list.]
  ignore line: [GNU C++14 (crosstool-NG esp-2020r3-49-gd5524c1) version 8.4.0 (xtensa-lx106-elf)]
  ignore line: [	compiled by GNU C version 4.9.2  GMP version 6.1.2  MPFR version 4.0.1  MPC version 1.1.0  isl version isl-0.19-GMP]
  ignore line: []
  ignore line: [GGC heuristics: --param ggc-min-expand=100 --param ggc-min-heapsize=131072]
  ignore line: [Compiler executable checksum: 6a42b2f4729ac0ea49ccdcd6bf20e2e4]
  ignore line: [COLLECT_GCC_OPTIONS='-mlongcalls' '-Wno-frame-address' '-v' '-o' 'CMakeFiles/cmTC_43666.dir/CMakeCXXCompilerABI.cpp.obj' '-c']
  ignore line: [ /home/trent/esp/xtensa-lx106-elf/bin/../lib/gcc/xtensa-lx106-elf/8.4.0/../../../../xtensa-lx106-elf/bin/as --traditional-format --longcalls -o CMakeFiles/cmTC_43666.dir/CMakeCXXCompilerABI.cpp.obj /tmp/ccTdqlSk.s]
  ignore line: [COMPILER_PATH=/home/trent/esp/xtensa-lx106-elf/bin/../libexec/gcc/xtensa-lx106-elf/8.4.0/:/home/trent/esp/xtensa-lx106-elf/bin/../libexec/gcc/:/home/trent/esp/xtensa-lx106-elf/bin/../lib/gcc/xtensa-lx106-elf/8.4.0/../../../../xtensa-lx106-elf/bin/]
  ignore line: [LIBRARY_PATH=/home/trent/esp/xtensa-lx106-elf/bin/../lib/gcc/xtensa-lx106-elf/8.4.0/:/home/trent/esp/xtensa-lx106-elf/bin/../lib/gcc/:/home/trent/esp/xtensa-lx106-elf/bin/../lib/gcc/xtensa-lx106-elf/8.4.0/../../../../xtensa-lx106-elf/lib/]
  ignore line: [COLLECT_GCC_OPTIONS='-mlongcalls' '-Wno-frame-address' '-v' '-o' 'CMakeFiles/cmTC_43666.dir/CMakeCXXCompilerABI.cpp.obj' '-c']
  ignore line: [Linking CXX executable cmTC_43666]
  ignore line: [/usr/bin/cmake -E cmake_link_script CMakeFiles/cmTC_43666.dir/link.txt --verbose=1]
  ignore line: [/home/trent/esp/xtensa-lx106-elf/bin/xtensa-lx106-elf-g++  -mlongcalls -Wno-frame-address   -nostdlib -Wl --gc-sections -v CMakeFiles/cmTC_43666.dir/CMakeCXXCompilerABI.cpp.obj  -o cmTC_43666 ]
  ignore line: [Using built-in specs.]
  ignore line: [COLLECT_GCC=/home/trent/esp/xtensa-lx106-elf/bin/xtensa-lx106-elf-g++]
  ignore line: [COLLECT_LTO_WRAPPER=/home/trent/esp/xtensa-lx106-elf/bin/../libexec/gcc/xtensa-lx106-elf/8.4.0/lto-wrapper]
  ignore line: [Target: xtensa-lx106-elf]
  ignore line: [Configured with: /builds/idf/crosstool-NG/.build/xtensa-lx106-elf/src/gcc/configure --build=x86_64-build_pc-linux-gnu --host=x86_64-build_pc-linux-gnu --target=xtensa-lx106-elf --prefix=/builds/idf/crosstool-NG/builds/xtensa-lx106-elf --with-local-prefix=/builds/idf/crosstool-NG/builds/xtensa-lx106-elf/xtensa-lx106-elf --with-headers=/builds/idf/crosstool-NG/builds/xtensa-lx106-elf/xtensa-lx106-elf/include --with-newlib --enable-threads=no --disable-shared --with-pkgversion='crosstool-NG esp-2020r3-49-gd5524c1' --disable-__cxa_atexit --enable-cxx-flags=-ffunction-sections --disable-libgomp --disable-libmudflap --disable-libmpx --disable-libssp --disable-libquadmath --disable-libquadmath-support --with-gmp=/builds/idf/crosstool-NG/.build/xtensa-lx106-elf/buildtools --with-mpfr=/builds/idf/crosstool-NG/.build/xtensa-lx106-elf/buildtools --with-mpc=/builds/idf/crosstool-NG/.build/xtensa-lx106-elf/buildtools --with-isl=/builds/idf/crosstool-NG/.build/xtensa-lx106-elf/buildtools --enable-lto --enable-target-optspace --without-long-double-128 --disable-nls --enable-multiarch --enable-languages=c c++ --disable-libstdcxx-verbose --enable-threads=posix --enable-libstdcxx-time=yes]
  ignore line: [Thread model: posix]
  ignore line: [gcc version 8.4.0 (crosstool-NG esp-2020r3-49-gd5524c1) ]
  ignore line: [COMPILER_PATH=/home/trent/esp/xtensa-lx106-elf/bin/../libexec/gcc/xtensa-lx106-elf/8.4.0/:/home/trent/esp/xtensa-lx106-elf/bin/../libexec/gcc/:/home/trent/esp/xtensa-lx106-elf/bin/../lib/gcc/xtensa-lx106-elf/8.4.0/../../../../xtensa-lx106-elf/bin/]
  ignore line: [LIBRARY_PATH=/home/trent/esp/xtensa-lx106-elf/bin/../lib/gcc/xtensa-lx106-elf/8.4.0/:/home/trent/esp/xtensa-lx106-elf/bin/../lib/gcc/:/home/trent/esp/xtensa-lx106-elf/bin/../lib/gcc/xtensa-lx106-elf/8.4.0/../../../../xtensa-lx106-elf/lib/]
  ignore line: [COLLECT_GCC_OPTIONS='-mlongcalls' '-Wno-frame-address' '-nostdlib' '-v' '-o' 'cmTC_43666']
  link line: [ /home/trent/esp/xtensa-lx106-elf/bin/../libexec/gcc/xtensa-lx106-elf/8.4.0/collect2 -plugin /home/trent/esp/xtensa-lx106-elf/bin/../libexec/gcc/xtensa-lx106-elf/8.4.0/liblto_plugin.so -plugin-opt=/home/trent/esp/xtensa-lx106-elf/bin/../libexec/gcc/xtensa-lx106-elf/8.4.0/lto-wrapper -plugin-opt=-fresolution=/tmp/ccbABuHT.res -o cmTC_43666 -L/home/trent/esp/xtensa-lx106-elf/bin/../lib/gcc/xtensa-lx106-elf/8.4.0 -L/home/trent/esp/xtensa-lx106-elf/bin/../lib/gcc -L/home/trent/esp/xtensa-lx106-elf/bin/../lib/gcc/xtensa-lx106-elf/8.4.0/../../../../xtensa-lx106-elf/lib --gc-sections CMakeFiles/cmTC_43666.dir/CMakeCXXCompilerABI.cpp.obj]
    arg [/home/trent/esp/xtensa-lx106-elf/bin/../libexec/gcc/xtensa-lx106-elf/8.4.0/collect2] ==> ignore
    arg [-plugin] ==> ignore
    arg [/home/trent/esp/xtensa-lx106-elf/bin/../libexec/gcc/xtensa-lx106-elf/8.4.0/liblto_plugin.so] ==> ignore
    arg [-plugin-opt=/home/trent/esp/xtensa-lx106-elf/bin/../libexec/gcc/xtensa-lx106-elf/8.4.0/lto-wrapper] ==> ignore
    arg [-plugin-opt=-fresolution=/tmp/ccbABuHT.res] ==> ignore
    arg [-o] ==> ignore
    arg [cmTC_43666] ==> ignore
    arg [-L/home/trent/esp/xtensa-lx106-elf/bin/../lib/gcc/xtensa-lx106-elf/8.4.0] ==> dir [/home/trent/esp/xtensa-lx106-elf/bin/../lib/gcc/xtensa-lx106-elf/8.4.0]
    arg [-L/home/trent/esp/xtensa-lx106-elf/bin/../lib/gcc] ==> dir [/home/trent/esp/xtensa-lx106-elf/bin/../lib/gcc]
    arg [-L/home/trent/esp/xtensa-lx106-elf/bin/../lib/gcc/xtensa-lx106-elf/8.4.0/../../../../xtensa-lx106-elf/lib] ==> dir [/home/trent/esp/xtensa-lx106-elf/bin/../lib/gcc/xtensa-lx106-elf/8.4.0/../../../../xtensa-lx106-elf/lib]
    arg [--gc-sections] ==> ignore
    arg [CMakeFiles/cmTC_43666.dir/CMakeCXXCompilerABI.cpp.obj] ==> ignore
  collapse library dir [/home/trent/esp/xtensa-lx106-elf/bin/../lib/gcc/xtensa-lx106-elf/8.4.0] ==> [/home/trent/esp/xtensa-lx106-elf/lib/gcc/xtensa-lx106-elf/8.4.0]
  collapse library dir [/home/trent/esp/xtensa-lx106-elf/bin/../lib/gcc] ==> [/home/trent/esp/xtensa-lx106-elf/lib/gcc]
  collapse library dir [/home/trent/esp/xtensa-lx106-elf/bin/../lib/gcc/xtensa-lx106-elf/8.4.0/../../../../xtensa-lx106-elf/lib] ==> [/home/trent/esp/xtensa-lx106-elf/xtensa-lx106-elf/lib]
  implicit libs: []
  implicit dirs: [/home/trent/esp/xtensa-lx106-elf/lib/gcc/xtensa-lx106-elf/8.4.0;/home/trent/esp/xtensa-lx106-elf/lib/gcc;/home/trent/esp/xtensa-lx106-elf/xtensa-lx106-elf/lib]
  implicit fwks: []


